           SET A          0x0030
           SET [0x1000]   0x0020
           SUB A          [0x1000]
           IFN A          0x0010
           SET PC         crash
           SET I          0x000A
           SET A          0x2000
:loop      SET [0x2000+I] [A]
           SUB I          0x0001
           IFN I          0x0000
           SET PC         loop
           SET X          0x0004
           JSR testsub    
           SET PC         crash
:testsub   SHL X          0x0004
           SET PC         POP
:crash     SET PC         crash

Program:
0000: 7c01 0030 7de1 1000
0004: 0020 7803 1000 c00d
0008: 7dc1 001a a861 7c01
000c: 2000 2161 2000 8463
0010: 806d 7dc1 000d 9031
0014: 7c10 0018 7dc1 001a
0018: 9037 61c1 7dc1 001a
